CRITICAL - 2023-09-24 01:10:47 --> "authGuard" filter must have a matching alias defined.
in SYSTEMPATH\Filters\Filters.php on line 350.
 1 SYSTEMPATH\Filters\Filters.php(350): CodeIgniter\Filters\Exceptions\FilterException::forNoAlias('authGuard')
 2 SYSTEMPATH\CodeIgniter.php(459): CodeIgniter\Filters\Filters->enableFilter('authGuard', 'before')
 3 SYSTEMPATH\CodeIgniter.php(353): CodeIgniter\CodeIgniter->handleRequest(null, Object(Config\Cache), false)
 4 FCPATH\index.php(79): CodeIgniter\CodeIgniter->run()
 5 SYSTEMPATH\Commands\Server\rewrite.php(47): require_once('C:\\laragon\\www\\jcommers\\public\\index.php')
CRITICAL - 2023-09-24 01:11:50 --> "AuthGuard" filter must have a matching alias defined.
in SYSTEMPATH\Filters\Filters.php on line 350.
 1 SYSTEMPATH\Filters\Filters.php(350): CodeIgniter\Filters\Exceptions\FilterException::forNoAlias('AuthGuard')
 2 SYSTEMPATH\CodeIgniter.php(459): CodeIgniter\Filters\Filters->enableFilter('AuthGuard', 'before')
 3 SYSTEMPATH\CodeIgniter.php(353): CodeIgniter\CodeIgniter->handleRequest(null, Object(Config\Cache), false)
 4 FCPATH\index.php(79): CodeIgniter\CodeIgniter->run()
 5 SYSTEMPATH\Commands\Server\rewrite.php(47): require_once('C:\\laragon\\www\\jcommers\\public\\index.php')
CRITICAL - 2023-09-24 01:11:52 --> "AuthGuard" filter must have a matching alias defined.
in SYSTEMPATH\Filters\Filters.php on line 350.
 1 SYSTEMPATH\Filters\Filters.php(350): CodeIgniter\Filters\Exceptions\FilterException::forNoAlias('AuthGuard')
 2 SYSTEMPATH\CodeIgniter.php(459): CodeIgniter\Filters\Filters->enableFilter('AuthGuard', 'before')
 3 SYSTEMPATH\CodeIgniter.php(353): CodeIgniter\CodeIgniter->handleRequest(null, Object(Config\Cache), false)
 4 FCPATH\index.php(79): CodeIgniter\CodeIgniter->run()
 5 SYSTEMPATH\Commands\Server\rewrite.php(47): require_once('C:\\laragon\\www\\jcommers\\public\\index.php')
