ERROR - 2023-10-03 08:43:47 --> Error connecting to the database: mysqli_sql_exception: Unknown database 'meddb' in C:\laragon\www\Les_Ecommerce\system\Database\MySQLi\Connection.php:185
Stack trace:
#0 C:\laragon\www\Les_Ecommerce\system\Database\MySQLi\Connection.php(185): mysqli->real_connect('localhost', 'root', '', 'medDB', 3306, '', 0)
#1 C:\laragon\www\Les_Ecommerce\system\Database\BaseConnection.php(391): CodeIgniter\Database\MySQLi\Connection->connect(false)
#2 C:\laragon\www\Les_Ecommerce\system\Database\BaseConnection.php(574): CodeIgniter\Database\BaseConnection->initialize()
#3 C:\laragon\www\Les_Ecommerce\system\Database\BaseBuilder.php(1615): CodeIgniter\Database\BaseConnection->query('SELECT 1\nFROM `...', Array, false)
#4 C:\laragon\www\Les_Ecommerce\system\Validation\Rules.php(156): CodeIgniter\Database\BaseBuilder->get()
#5 C:\laragon\www\Les_Ecommerce\system\Validation\Validation.php(309): CodeIgniter\Validation\Rules->is_unique('lesliejean0612@...', 'email', Array, NULL, 'email')
#6 C:\laragon\www\Les_Ecommerce\system\Validation\Validation.php(195): CodeIgniter\Validation\Validation->processRules('email', 'email', 'lesliejean0612@...', Array, Array)
#7 C:\laragon\www\Les_Ecommerce\system\Controller.php(150): CodeIgniter\Validation\Validation->run()
#8 C:\laragon\www\Les_Ecommerce\app\Controllers\Users.php(69): CodeIgniter\Controller->validate(Array)
#9 C:\laragon\www\Les_Ecommerce\system\CodeIgniter.php(919): App\Controllers\Users->register()
#10 C:\laragon\www\Les_Ecommerce\system\CodeIgniter.php(494): CodeIgniter\CodeIgniter->runController(Object(App\Controllers\Users))
#11 C:\laragon\www\Les_Ecommerce\system\CodeIgniter.php(353): CodeIgniter\CodeIgniter->handleRequest(NULL, Object(Config\Cache), false)
#12 C:\laragon\www\Les_Ecommerce\public\index.php(79): CodeIgniter\CodeIgniter->run()
#13 C:\laragon\www\Les_Ecommerce\system\Commands\Server\rewrite.php(47): require_once('C:\\laragon\\www\\...')
#14 {main}

Next CodeIgniter\Database\Exceptions\DatabaseException: Unknown database 'meddb' in C:\laragon\www\Les_Ecommerce\system\Database\MySQLi\Connection.php:229
Stack trace:
#0 C:\laragon\www\Les_Ecommerce\system\Database\BaseConnection.php(391): CodeIgniter\Database\MySQLi\Connection->connect(false)
#1 C:\laragon\www\Les_Ecommerce\system\Database\BaseConnection.php(574): CodeIgniter\Database\BaseConnection->initialize()
#2 C:\laragon\www\Les_Ecommerce\system\Database\BaseBuilder.php(1615): CodeIgniter\Database\BaseConnection->query('SELECT 1\nFROM `...', Array, false)
#3 C:\laragon\www\Les_Ecommerce\system\Validation\Rules.php(156): CodeIgniter\Database\BaseBuilder->get()
#4 C:\laragon\www\Les_Ecommerce\system\Validation\Validation.php(309): CodeIgniter\Validation\Rules->is_unique('lesliejean0612@...', 'email', Array, NULL, 'email')
#5 C:\laragon\www\Les_Ecommerce\system\Validation\Validation.php(195): CodeIgniter\Validation\Validation->processRules('email', 'email', 'lesliejean0612@...', Array, Array)
#6 C:\laragon\www\Les_Ecommerce\system\Controller.php(150): CodeIgniter\Validation\Validation->run()
#7 C:\laragon\www\Les_Ecommerce\app\Controllers\Users.php(69): CodeIgniter\Controller->validate(Array)
#8 C:\laragon\www\Les_Ecommerce\system\CodeIgniter.php(919): App\Controllers\Users->register()
#9 C:\laragon\www\Les_Ecommerce\system\CodeIgniter.php(494): CodeIgniter\CodeIgniter->runController(Object(App\Controllers\Users))
#10 C:\laragon\www\Les_Ecommerce\system\CodeIgniter.php(353): CodeIgniter\CodeIgniter->handleRequest(NULL, Object(Config\Cache), false)
#11 C:\laragon\www\Les_Ecommerce\public\index.php(79): CodeIgniter\CodeIgniter->run()
#12 C:\laragon\www\Les_Ecommerce\system\Commands\Server\rewrite.php(47): require_once('C:\\laragon\\www\\...')
#13 {main}
CRITICAL - 2023-10-03 08:43:47 --> Unable to connect to the database.
Main connection [MySQLi]: Unknown database 'meddb'
in SYSTEMPATH\Database\BaseConnection.php on line 427.
 1 SYSTEMPATH\Database\BaseConnection.php(574): CodeIgniter\Database\BaseConnection->initialize()
 2 SYSTEMPATH\Database\BaseBuilder.php(1615): CodeIgniter\Database\BaseConnection->query('SELECT 1
FROM `users`
WHERE `email` = :email:
 LIMIT 1', [...], false)
 3 SYSTEMPATH\Validation\Rules.php(156): CodeIgniter\Database\BaseBuilder->get()
 4 SYSTEMPATH\Validation\Validation.php(309): CodeIgniter\Validation\Rules->is_unique('lesliejean0612@gmail.com', 'email', [...], null, 'email')
 5 SYSTEMPATH\Validation\Validation.php(195): CodeIgniter\Validation\Validation->processRules('email', 'email', 'lesliejean0612@gmail.com', [...], [...])
 6 SYSTEMPATH\Controller.php(150): CodeIgniter\Validation\Validation->run()
 7 APPPATH\Controllers\Users.php(69): CodeIgniter\Controller->validate([...])
 8 SYSTEMPATH\CodeIgniter.php(919): App\Controllers\Users->register()
 9 SYSTEMPATH\CodeIgniter.php(494): CodeIgniter\CodeIgniter->runController(Object(App\Controllers\Users))
10 SYSTEMPATH\CodeIgniter.php(353): CodeIgniter\CodeIgniter->handleRequest(null, Object(Config\Cache), false)
11 FCPATH\index.php(79): CodeIgniter\CodeIgniter->run()
12 SYSTEMPATH\Commands\Server\rewrite.php(47): require_once('C:\\laragon\\www\\Les_Ecommerce\\public\\index.php')
ERROR - 2023-10-03 08:44:39 --> mysqli_sql_exception: Unknown column 'created_at' in 'field list' in C:\laragon\www\Les_Ecommerce\system\Database\MySQLi\Connection.php:306
Stack trace:
#0 C:\laragon\www\Les_Ecommerce\system\Database\MySQLi\Connection.php(306): mysqli->query('INSERT INTO `us...', 0)
#1 C:\laragon\www\Les_Ecommerce\system\Database\BaseConnection.php(692): CodeIgniter\Database\MySQLi\Connection->execute('INSERT INTO `us...')
#2 C:\laragon\www\Les_Ecommerce\system\Database\BaseConnection.php(606): CodeIgniter\Database\BaseConnection->simpleQuery('INSERT INTO `us...')
#3 C:\laragon\www\Les_Ecommerce\system\Database\BaseBuilder.php(2308): CodeIgniter\Database\BaseConnection->query('INSERT INTO `us...', Array, false)
#4 C:\laragon\www\Les_Ecommerce\system\Model.php(319): CodeIgniter\Database\BaseBuilder->insert()
#5 C:\laragon\www\Les_Ecommerce\system\BaseModel.php(788): CodeIgniter\Model->doInsert(Array)
#6 C:\laragon\www\Les_Ecommerce\system\Model.php(715): CodeIgniter\BaseModel->insert(Array, false)
#7 C:\laragon\www\Les_Ecommerce\system\BaseModel.php(698): CodeIgniter\Model->insert(Array, false)
#8 C:\laragon\www\Les_Ecommerce\app\Controllers\Users.php(79): CodeIgniter\BaseModel->save(Array)
#9 C:\laragon\www\Les_Ecommerce\system\CodeIgniter.php(919): App\Controllers\Users->register()
#10 C:\laragon\www\Les_Ecommerce\system\CodeIgniter.php(494): CodeIgniter\CodeIgniter->runController(Object(App\Controllers\Users))
#11 C:\laragon\www\Les_Ecommerce\system\CodeIgniter.php(353): CodeIgniter\CodeIgniter->handleRequest(NULL, Object(Config\Cache), false)
#12 C:\laragon\www\Les_Ecommerce\public\index.php(79): CodeIgniter\CodeIgniter->run()
#13 C:\laragon\www\Les_Ecommerce\system\Commands\Server\rewrite.php(47): require_once('C:\\laragon\\www\\...')
#14 {main}
CRITICAL - 2023-10-03 08:44:39 --> Unknown column 'created_at' in 'field list'
in SYSTEMPATH\Database\BaseConnection.php on line 646.
 1 SYSTEMPATH\Database\BaseBuilder.php(2308): CodeIgniter\Database\BaseConnection->query('INSERT INTO `users` (`name`, `email`, `password`, `created_at`) VALUES (:name:, :email:, :password:, :created_at:)', [...], false)
 2 SYSTEMPATH\Model.php(319): CodeIgniter\Database\BaseBuilder->insert()
 3 SYSTEMPATH\BaseModel.php(788): CodeIgniter\Model->doInsert([...])
 4 SYSTEMPATH\Model.php(715): CodeIgniter\BaseModel->insert([...], false)
 5 SYSTEMPATH\BaseModel.php(698): CodeIgniter\Model->insert([...], false)
 6 APPPATH\Controllers\Users.php(79): CodeIgniter\BaseModel->save([...])
 7 SYSTEMPATH\CodeIgniter.php(919): App\Controllers\Users->register()
 8 SYSTEMPATH\CodeIgniter.php(494): CodeIgniter\CodeIgniter->runController(Object(App\Controllers\Users))
 9 SYSTEMPATH\CodeIgniter.php(353): CodeIgniter\CodeIgniter->handleRequest(null, Object(Config\Cache), false)
10 FCPATH\index.php(79): CodeIgniter\CodeIgniter->run()
11 SYSTEMPATH\Commands\Server\rewrite.php(47): require_once('C:\\laragon\\www\\Les_Ecommerce\\public\\index.php')
CRITICAL - 2023-10-03 08:50:09 --> Undefined array key "user_id"
in APPPATH\Controllers\Users.php on line 47.
 1 APPPATH\Controllers\Users.php(47): CodeIgniter\Debug\Exceptions->errorHandler(2, 'Undefined array key "user_id"', 'C:\\laragon\\www\\Les_Ecommerce\\app\\Controllers\\Users.php', 47)
 2 APPPATH\Controllers\Users.php(35): App\Controllers\Users->setUserSession([...])
 3 SYSTEMPATH\CodeIgniter.php(919): App\Controllers\Users->index()
 4 SYSTEMPATH\CodeIgniter.php(494): CodeIgniter\CodeIgniter->runController(Object(App\Controllers\Users))
 5 SYSTEMPATH\CodeIgniter.php(353): CodeIgniter\CodeIgniter->handleRequest(null, Object(Config\Cache), false)
 6 FCPATH\index.php(79): CodeIgniter\CodeIgniter->run()
 7 SYSTEMPATH\Commands\Server\rewrite.php(47): require_once('C:\\laragon\\www\\Les_Ecommerce\\public\\index.php')
CRITICAL - 2023-10-03 08:52:20 --> Class "App\Models\MedModel" not found
in APPPATH\Controllers\MedController.php on line 12.
 1 SYSTEMPATH\CodeIgniter.php(891): App\Controllers\MedController->__construct()
 2 SYSTEMPATH\CodeIgniter.php(485): CodeIgniter\CodeIgniter->createController()
 3 SYSTEMPATH\CodeIgniter.php(353): CodeIgniter\CodeIgniter->handleRequest(null, Object(Config\Cache), false)
 4 FCPATH\index.php(79): CodeIgniter\CodeIgniter->run()
 5 SYSTEMPATH\Commands\Server\rewrite.php(47): require_once('C:\\laragon\\www\\Les_Ecommerce\\public\\index.php')
ERROR - 2023-10-03 12:29:50 --> Error connecting to the database: mysqli_sql_exception: Unknown database 'jeandb' in C:\laragon\www\ITC311_LAB3\system\Database\MySQLi\Connection.php:185
Stack trace:
#0 C:\laragon\www\ITC311_LAB3\system\Database\MySQLi\Connection.php(185): mysqli->real_connect('localhost', 'root', '', 'jeandb', 3306, '', 0)
#1 C:\laragon\www\ITC311_LAB3\system\Database\BaseConnection.php(391): CodeIgniter\Database\MySQLi\Connection->connect(false)
#2 C:\laragon\www\ITC311_LAB3\system\Database\BaseConnection.php(574): CodeIgniter\Database\BaseConnection->initialize()
#3 C:\laragon\www\ITC311_LAB3\system\Database\BaseBuilder.php(1615): CodeIgniter\Database\BaseConnection->query('SELECT 1\nFROM `...', Array, false)
#4 C:\laragon\www\ITC311_LAB3\system\Validation\Rules.php(156): CodeIgniter\Database\BaseBuilder->get()
#5 C:\laragon\www\ITC311_LAB3\system\Validation\Validation.php(309): CodeIgniter\Validation\Rules->is_unique('santosmarcandre...', 'email', Array, NULL, 'email')
#6 C:\laragon\www\ITC311_LAB3\system\Validation\Validation.php(195): CodeIgniter\Validation\Validation->processRules('email', 'email', 'santosmarcandre...', Array, Array)
#7 C:\laragon\www\ITC311_LAB3\system\Controller.php(150): CodeIgniter\Validation\Validation->run()
#8 C:\laragon\www\ITC311_LAB3\app\Controllers\Users.php(69): CodeIgniter\Controller->validate(Array)
#9 C:\laragon\www\ITC311_LAB3\system\CodeIgniter.php(919): App\Controllers\Users->register()
#10 C:\laragon\www\ITC311_LAB3\system\CodeIgniter.php(494): CodeIgniter\CodeIgniter->runController(Object(App\Controllers\Users))
#11 C:\laragon\www\ITC311_LAB3\system\CodeIgniter.php(353): CodeIgniter\CodeIgniter->handleRequest(NULL, Object(Config\Cache), false)
#12 C:\laragon\www\ITC311_LAB3\public\index.php(79): CodeIgniter\CodeIgniter->run()
#13 C:\laragon\www\ITC311_LAB3\system\Commands\Server\rewrite.php(47): require_once('C:\\laragon\\www\\...')
#14 {main}

Next CodeIgniter\Database\Exceptions\DatabaseException: Unknown database 'jeandb' in C:\laragon\www\ITC311_LAB3\system\Database\MySQLi\Connection.php:229
Stack trace:
#0 C:\laragon\www\ITC311_LAB3\system\Database\BaseConnection.php(391): CodeIgniter\Database\MySQLi\Connection->connect(false)
#1 C:\laragon\www\ITC311_LAB3\system\Database\BaseConnection.php(574): CodeIgniter\Database\BaseConnection->initialize()
#2 C:\laragon\www\ITC311_LAB3\system\Database\BaseBuilder.php(1615): CodeIgniter\Database\BaseConnection->query('SELECT 1\nFROM `...', Array, false)
#3 C:\laragon\www\ITC311_LAB3\system\Validation\Rules.php(156): CodeIgniter\Database\BaseBuilder->get()
#4 C:\laragon\www\ITC311_LAB3\system\Validation\Validation.php(309): CodeIgniter\Validation\Rules->is_unique('santosmarcandre...', 'email', Array, NULL, 'email')
#5 C:\laragon\www\ITC311_LAB3\system\Validation\Validation.php(195): CodeIgniter\Validation\Validation->processRules('email', 'email', 'santosmarcandre...', Array, Array)
#6 C:\laragon\www\ITC311_LAB3\system\Controller.php(150): CodeIgniter\Validation\Validation->run()
#7 C:\laragon\www\ITC311_LAB3\app\Controllers\Users.php(69): CodeIgniter\Controller->validate(Array)
#8 C:\laragon\www\ITC311_LAB3\system\CodeIgniter.php(919): App\Controllers\Users->register()
#9 C:\laragon\www\ITC311_LAB3\system\CodeIgniter.php(494): CodeIgniter\CodeIgniter->runController(Object(App\Controllers\Users))
#10 C:\laragon\www\ITC311_LAB3\system\CodeIgniter.php(353): CodeIgniter\CodeIgniter->handleRequest(NULL, Object(Config\Cache), false)
#11 C:\laragon\www\ITC311_LAB3\public\index.php(79): CodeIgniter\CodeIgniter->run()
#12 C:\laragon\www\ITC311_LAB3\system\Commands\Server\rewrite.php(47): require_once('C:\\laragon\\www\\...')
#13 {main}
CRITICAL - 2023-10-03 12:29:50 --> Unable to connect to the database.
Main connection [MySQLi]: Unknown database 'jeandb'
in SYSTEMPATH\Database\BaseConnection.php on line 427.
 1 SYSTEMPATH\Database\BaseConnection.php(574): CodeIgniter\Database\BaseConnection->initialize()
 2 SYSTEMPATH\Database\BaseBuilder.php(1615): CodeIgniter\Database\BaseConnection->query('SELECT 1
FROM `users`
WHERE `email` = :email:
 LIMIT 1', [...], false)
 3 SYSTEMPATH\Validation\Rules.php(156): CodeIgniter\Database\BaseBuilder->get()
 4 SYSTEMPATH\Validation\Validation.php(309): CodeIgniter\Validation\Rules->is_unique('santosmarcandrei1414@gmail.com', 'email', [...], null, 'email')
 5 SYSTEMPATH\Validation\Validation.php(195): CodeIgniter\Validation\Validation->processRules('email', 'email', 'santosmarcandrei1414@gmail.com', [...], [...])
 6 SYSTEMPATH\Controller.php(150): CodeIgniter\Validation\Validation->run()
 7 APPPATH\Controllers\Users.php(69): CodeIgniter\Controller->validate([...])
 8 SYSTEMPATH\CodeIgniter.php(919): App\Controllers\Users->register()
 9 SYSTEMPATH\CodeIgniter.php(494): CodeIgniter\CodeIgniter->runController(Object(App\Controllers\Users))
10 SYSTEMPATH\CodeIgniter.php(353): CodeIgniter\CodeIgniter->handleRequest(null, Object(Config\Cache), false)
11 FCPATH\index.php(79): CodeIgniter\CodeIgniter->run()
12 SYSTEMPATH\Commands\Server\rewrite.php(47): require_once('C:\\laragon\\www\\ITC311_LAB3\\public\\index.php')
CRITICAL - 2023-10-03 12:36:32 --> Class "App\Models\BookModel" not found
in APPPATH\Controllers\BookController.php on line 12.
 1 SYSTEMPATH\CodeIgniter.php(891): App\Controllers\BookController->__construct()
 2 SYSTEMPATH\CodeIgniter.php(485): CodeIgniter\CodeIgniter->createController()
 3 SYSTEMPATH\CodeIgniter.php(353): CodeIgniter\CodeIgniter->handleRequest(null, Object(Config\Cache), false)
 4 FCPATH\index.php(79): CodeIgniter\CodeIgniter->run()
 5 SYSTEMPATH\Commands\Server\rewrite.php(47): require_once('C:\\laragon\\www\\ITC311_LAB3\\public\\index.php')
CRITICAL - 2023-10-03 17:04:15 --> Invalid file: "/adminfile/design.php"
in SYSTEMPATH\Exceptions\FrameworkException.php on line 39.
 1 SYSTEMPATH\View\View.php(214): CodeIgniter\Exceptions\FrameworkException::forInvalidFile('/adminfile/design.php')
 2 SYSTEMPATH\Common.php(1188): CodeIgniter\View\View->render('/adminfile/design', [], true)
 3 APPPATH\Views\admin.php(87): view('/adminfile/design')
 4 SYSTEMPATH\View\View.php(226): include('C:\\laragon\\www\\ITC311_LAB3\\app\\Views\\admin.php')
 5 SYSTEMPATH\View\View.php(229): CodeIgniter\View\View->CodeIgniter\View\{closure}()
 6 SYSTEMPATH\Common.php(1188): CodeIgniter\View\View->render('admin', [], true)
 7 APPPATH\Controllers\MainController.php(74): view('admin', [...])
 8 SYSTEMPATH\CodeIgniter.php(919): App\Controllers\MainController->admin()
 9 SYSTEMPATH\CodeIgniter.php(494): CodeIgniter\CodeIgniter->runController(Object(App\Controllers\MainController))
10 SYSTEMPATH\CodeIgniter.php(353): CodeIgniter\CodeIgniter->handleRequest(null, Object(Config\Cache), false)
11 FCPATH\index.php(79): CodeIgniter\CodeIgniter->run()
12 SYSTEMPATH\Commands\Server\rewrite.php(47): require_once('C:\\laragon\\www\\ITC311_LAB3\\public\\index.php')
CRITICAL - 2023-10-03 17:04:27 --> Invalid file: "/adminfile/design.php"
in SYSTEMPATH\Exceptions\FrameworkException.php on line 39.
 1 SYSTEMPATH\View\View.php(214): CodeIgniter\Exceptions\FrameworkException::forInvalidFile('/adminfile/design.php')
 2 SYSTEMPATH\Common.php(1188): CodeIgniter\View\View->render('/adminfile/design', [], true)
 3 APPPATH\Views\admin.php(87): view('/adminfile/design')
 4 SYSTEMPATH\View\View.php(226): include('C:\\laragon\\www\\ITC311_LAB3\\app\\Views\\admin.php')
 5 SYSTEMPATH\View\View.php(229): CodeIgniter\View\View->CodeIgniter\View\{closure}()
 6 SYSTEMPATH\Common.php(1188): CodeIgniter\View\View->render('admin', [], true)
 7 APPPATH\Controllers\MainController.php(74): view('admin', [...])
 8 SYSTEMPATH\CodeIgniter.php(919): App\Controllers\MainController->admin()
 9 SYSTEMPATH\CodeIgniter.php(494): CodeIgniter\CodeIgniter->runController(Object(App\Controllers\MainController))
10 SYSTEMPATH\CodeIgniter.php(353): CodeIgniter\CodeIgniter->handleRequest(null, Object(Config\Cache), false)
11 FCPATH\index.php(79): CodeIgniter\CodeIgniter->run()
12 SYSTEMPATH\Commands\Server\rewrite.php(47): require_once('C:\\laragon\\www\\ITC311_LAB3\\public\\index.php')
CRITICAL - 2023-10-03 17:17:16 --> Invalid file: "/adminfile/design.php"
in SYSTEMPATH\Exceptions\FrameworkException.php on line 39.
 1 SYSTEMPATH\View\View.php(214): CodeIgniter\Exceptions\FrameworkException::forInvalidFile('/adminfile/design.php')
 2 SYSTEMPATH\Common.php(1188): CodeIgniter\View\View->render('/adminfile/design', [], true)
 3 APPPATH\Views\admin.php(87): view('/adminfile/design')
 4 SYSTEMPATH\View\View.php(226): include('C:\\laragon\\www\\ITC311_LAB3\\app\\Views\\admin.php')
 5 SYSTEMPATH\View\View.php(229): CodeIgniter\View\View->CodeIgniter\View\{closure}()
 6 SYSTEMPATH\Common.php(1188): CodeIgniter\View\View->render('admin', [], true)
 7 APPPATH\Controllers\Admin.php(14): view('admin')
 8 SYSTEMPATH\CodeIgniter.php(919): App\Controllers\Admin->index()
 9 SYSTEMPATH\CodeIgniter.php(494): CodeIgniter\CodeIgniter->runController(Object(App\Controllers\Admin))
10 SYSTEMPATH\CodeIgniter.php(353): CodeIgniter\CodeIgniter->handleRequest(null, Object(Config\Cache), false)
11 FCPATH\index.php(79): CodeIgniter\CodeIgniter->run()
12 SYSTEMPATH\Commands\Server\rewrite.php(47): require_once('C:\\laragon\\www\\ITC311_LAB3\\public\\index.php')
CRITICAL - 2023-10-03 17:17:16 --> Invalid file: "/adminfile/design.php"
in SYSTEMPATH\Exceptions\FrameworkException.php on line 39.
 1 SYSTEMPATH\View\View.php(214): CodeIgniter\Exceptions\FrameworkException::forInvalidFile('/adminfile/design.php')
 2 SYSTEMPATH\Common.php(1188): CodeIgniter\View\View->render('/adminfile/design', [], true)
 3 APPPATH\Views\admin.php(87): view('/adminfile/design')
 4 SYSTEMPATH\View\View.php(226): include('C:\\laragon\\www\\ITC311_LAB3\\app\\Views\\admin.php')
 5 SYSTEMPATH\View\View.php(229): CodeIgniter\View\View->CodeIgniter\View\{closure}()
 6 SYSTEMPATH\Common.php(1188): CodeIgniter\View\View->render('admin', [], true)
 7 APPPATH\Controllers\Admin.php(14): view('admin')
 8 SYSTEMPATH\CodeIgniter.php(919): App\Controllers\Admin->index()
 9 SYSTEMPATH\CodeIgniter.php(494): CodeIgniter\CodeIgniter->runController(Object(App\Controllers\Admin))
10 SYSTEMPATH\CodeIgniter.php(353): CodeIgniter\CodeIgniter->handleRequest(null, Object(Config\Cache), false)
11 FCPATH\index.php(79): CodeIgniter\CodeIgniter->run()
12 SYSTEMPATH\Commands\Server\rewrite.php(47): require_once('C:\\laragon\\www\\ITC311_LAB3\\public\\index.php')
CRITICAL - 2023-10-03 17:17:17 --> Invalid file: "/adminfile/design.php"
in SYSTEMPATH\Exceptions\FrameworkException.php on line 39.
 1 SYSTEMPATH\View\View.php(214): CodeIgniter\Exceptions\FrameworkException::forInvalidFile('/adminfile/design.php')
 2 SYSTEMPATH\Common.php(1188): CodeIgniter\View\View->render('/adminfile/design', [], true)
 3 APPPATH\Views\admin.php(87): view('/adminfile/design')
 4 SYSTEMPATH\View\View.php(226): include('C:\\laragon\\www\\ITC311_LAB3\\app\\Views\\admin.php')
 5 SYSTEMPATH\View\View.php(229): CodeIgniter\View\View->CodeIgniter\View\{closure}()
 6 SYSTEMPATH\Common.php(1188): CodeIgniter\View\View->render('admin', [], true)
 7 APPPATH\Controllers\Admin.php(14): view('admin')
 8 SYSTEMPATH\CodeIgniter.php(919): App\Controllers\Admin->index()
 9 SYSTEMPATH\CodeIgniter.php(494): CodeIgniter\CodeIgniter->runController(Object(App\Controllers\Admin))
10 SYSTEMPATH\CodeIgniter.php(353): CodeIgniter\CodeIgniter->handleRequest(null, Object(Config\Cache), false)
11 FCPATH\index.php(79): CodeIgniter\CodeIgniter->run()
12 SYSTEMPATH\Commands\Server\rewrite.php(47): require_once('C:\\laragon\\www\\ITC311_LAB3\\public\\index.php')
CRITICAL - 2023-10-03 17:17:18 --> Invalid file: "/adminfile/design.php"
in SYSTEMPATH\Exceptions\FrameworkException.php on line 39.
 1 SYSTEMPATH\View\View.php(214): CodeIgniter\Exceptions\FrameworkException::forInvalidFile('/adminfile/design.php')
 2 SYSTEMPATH\Common.php(1188): CodeIgniter\View\View->render('/adminfile/design', [], true)
 3 APPPATH\Views\admin.php(87): view('/adminfile/design')
 4 SYSTEMPATH\View\View.php(226): include('C:\\laragon\\www\\ITC311_LAB3\\app\\Views\\admin.php')
 5 SYSTEMPATH\View\View.php(229): CodeIgniter\View\View->CodeIgniter\View\{closure}()
 6 SYSTEMPATH\Common.php(1188): CodeIgniter\View\View->render('admin', [], true)
 7 APPPATH\Controllers\Admin.php(14): view('admin')
 8 SYSTEMPATH\CodeIgniter.php(919): App\Controllers\Admin->index()
 9 SYSTEMPATH\CodeIgniter.php(494): CodeIgniter\CodeIgniter->runController(Object(App\Controllers\Admin))
10 SYSTEMPATH\CodeIgniter.php(353): CodeIgniter\CodeIgniter->handleRequest(null, Object(Config\Cache), false)
11 FCPATH\index.php(79): CodeIgniter\CodeIgniter->run()
12 SYSTEMPATH\Commands\Server\rewrite.php(47): require_once('C:\\laragon\\www\\ITC311_LAB3\\public\\index.php')
CRITICAL - 2023-10-03 17:18:44 --> Invalid file: "/adminfile/design.php"
in SYSTEMPATH\Exceptions\FrameworkException.php on line 39.
 1 SYSTEMPATH\View\View.php(214): CodeIgniter\Exceptions\FrameworkException::forInvalidFile('/adminfile/design.php')
 2 SYSTEMPATH\Common.php(1188): CodeIgniter\View\View->render('/adminfile/design', [], true)
 3 APPPATH\Views\admin.php(87): view('/adminfile/design')
 4 SYSTEMPATH\View\View.php(226): include('C:\\laragon\\www\\ITC311_LAB3\\app\\Views\\admin.php')
 5 SYSTEMPATH\View\View.php(229): CodeIgniter\View\View->CodeIgniter\View\{closure}()
 6 SYSTEMPATH\Common.php(1188): CodeIgniter\View\View->render('admin', [], true)
 7 APPPATH\Controllers\Admin.php(14): view('admin')
 8 SYSTEMPATH\CodeIgniter.php(919): App\Controllers\Admin->index()
 9 SYSTEMPATH\CodeIgniter.php(494): CodeIgniter\CodeIgniter->runController(Object(App\Controllers\Admin))
10 SYSTEMPATH\CodeIgniter.php(353): CodeIgniter\CodeIgniter->handleRequest(null, Object(Config\Cache), false)
11 FCPATH\index.php(79): CodeIgniter\CodeIgniter->run()
12 SYSTEMPATH\Commands\Server\rewrite.php(47): require_once('C:\\laragon\\www\\ITC311_LAB3\\public\\index.php')
CRITICAL - 2023-10-03 17:20:21 --> Invalid file: "/adminfile/admin.php"
in SYSTEMPATH\Exceptions\FrameworkException.php on line 39.
 1 SYSTEMPATH\View\View.php(214): CodeIgniter\Exceptions\FrameworkException::forInvalidFile('/adminfile/admin.php')
 2 SYSTEMPATH\Common.php(1188): CodeIgniter\View\View->render('/adminfile/admin', [], true)
 3 APPPATH\Views\admin.php(87): view('/adminfile/admin')
 4 SYSTEMPATH\View\View.php(226): include('C:\\laragon\\www\\ITC311_LAB3\\app\\Views\\admin.php')
 5 SYSTEMPATH\View\View.php(229): CodeIgniter\View\View->CodeIgniter\View\{closure}()
 6 SYSTEMPATH\Common.php(1188): CodeIgniter\View\View->render('admin', [], true)
 7 APPPATH\Controllers\Admin.php(14): view('admin')
 8 SYSTEMPATH\CodeIgniter.php(919): App\Controllers\Admin->index()
 9 SYSTEMPATH\CodeIgniter.php(494): CodeIgniter\CodeIgniter->runController(Object(App\Controllers\Admin))
10 SYSTEMPATH\CodeIgniter.php(353): CodeIgniter\CodeIgniter->handleRequest(null, Object(Config\Cache), false)
11 FCPATH\index.php(79): CodeIgniter\CodeIgniter->run()
12 SYSTEMPATH\Commands\Server\rewrite.php(47): require_once('C:\\laragon\\www\\ITC311_LAB3\\public\\index.php')
CRITICAL - 2023-10-03 17:20:22 --> Invalid file: "/adminfile/admin.php"
in SYSTEMPATH\Exceptions\FrameworkException.php on line 39.
 1 SYSTEMPATH\View\View.php(214): CodeIgniter\Exceptions\FrameworkException::forInvalidFile('/adminfile/admin.php')
 2 SYSTEMPATH\Common.php(1188): CodeIgniter\View\View->render('/adminfile/admin', [], true)
 3 APPPATH\Views\admin.php(87): view('/adminfile/admin')
 4 SYSTEMPATH\View\View.php(226): include('C:\\laragon\\www\\ITC311_LAB3\\app\\Views\\admin.php')
 5 SYSTEMPATH\View\View.php(229): CodeIgniter\View\View->CodeIgniter\View\{closure}()
 6 SYSTEMPATH\Common.php(1188): CodeIgniter\View\View->render('admin', [], true)
 7 APPPATH\Controllers\Admin.php(14): view('admin')
 8 SYSTEMPATH\CodeIgniter.php(919): App\Controllers\Admin->index()
 9 SYSTEMPATH\CodeIgniter.php(494): CodeIgniter\CodeIgniter->runController(Object(App\Controllers\Admin))
10 SYSTEMPATH\CodeIgniter.php(353): CodeIgniter\CodeIgniter->handleRequest(null, Object(Config\Cache), false)
11 FCPATH\index.php(79): CodeIgniter\CodeIgniter->run()
12 SYSTEMPATH\Commands\Server\rewrite.php(47): require_once('C:\\laragon\\www\\ITC311_LAB3\\public\\index.php')
CRITICAL - 2023-10-03 17:20:22 --> Invalid file: "/adminfile/admin.php"
in SYSTEMPATH\Exceptions\FrameworkException.php on line 39.
 1 SYSTEMPATH\View\View.php(214): CodeIgniter\Exceptions\FrameworkException::forInvalidFile('/adminfile/admin.php')
 2 SYSTEMPATH\Common.php(1188): CodeIgniter\View\View->render('/adminfile/admin', [], true)
 3 APPPATH\Views\admin.php(87): view('/adminfile/admin')
 4 SYSTEMPATH\View\View.php(226): include('C:\\laragon\\www\\ITC311_LAB3\\app\\Views\\admin.php')
 5 SYSTEMPATH\View\View.php(229): CodeIgniter\View\View->CodeIgniter\View\{closure}()
 6 SYSTEMPATH\Common.php(1188): CodeIgniter\View\View->render('admin', [], true)
 7 APPPATH\Controllers\Admin.php(14): view('admin')
 8 SYSTEMPATH\CodeIgniter.php(919): App\Controllers\Admin->index()
 9 SYSTEMPATH\CodeIgniter.php(494): CodeIgniter\CodeIgniter->runController(Object(App\Controllers\Admin))
10 SYSTEMPATH\CodeIgniter.php(353): CodeIgniter\CodeIgniter->handleRequest(null, Object(Config\Cache), false)
11 FCPATH\index.php(79): CodeIgniter\CodeIgniter->run()
12 SYSTEMPATH\Commands\Server\rewrite.php(47): require_once('C:\\laragon\\www\\ITC311_LAB3\\public\\index.php')
CRITICAL - 2023-10-03 17:20:23 --> Invalid file: "/adminfile/admin.php"
in SYSTEMPATH\Exceptions\FrameworkException.php on line 39.
 1 SYSTEMPATH\View\View.php(214): CodeIgniter\Exceptions\FrameworkException::forInvalidFile('/adminfile/admin.php')
 2 SYSTEMPATH\Common.php(1188): CodeIgniter\View\View->render('/adminfile/admin', [], true)
 3 APPPATH\Views\admin.php(87): view('/adminfile/admin')
 4 SYSTEMPATH\View\View.php(226): include('C:\\laragon\\www\\ITC311_LAB3\\app\\Views\\admin.php')
 5 SYSTEMPATH\View\View.php(229): CodeIgniter\View\View->CodeIgniter\View\{closure}()
 6 SYSTEMPATH\Common.php(1188): CodeIgniter\View\View->render('admin', [], true)
 7 APPPATH\Controllers\Admin.php(14): view('admin')
 8 SYSTEMPATH\CodeIgniter.php(919): App\Controllers\Admin->index()
 9 SYSTEMPATH\CodeIgniter.php(494): CodeIgniter\CodeIgniter->runController(Object(App\Controllers\Admin))
10 SYSTEMPATH\CodeIgniter.php(353): CodeIgniter\CodeIgniter->handleRequest(null, Object(Config\Cache), false)
11 FCPATH\index.php(79): CodeIgniter\CodeIgniter->run()
12 SYSTEMPATH\Commands\Server\rewrite.php(47): require_once('C:\\laragon\\www\\ITC311_LAB3\\public\\index.php')
CRITICAL - 2023-10-03 17:20:23 --> Invalid file: "/adminfile/admin.php"
in SYSTEMPATH\Exceptions\FrameworkException.php on line 39.
 1 SYSTEMPATH\View\View.php(214): CodeIgniter\Exceptions\FrameworkException::forInvalidFile('/adminfile/admin.php')
 2 SYSTEMPATH\Common.php(1188): CodeIgniter\View\View->render('/adminfile/admin', [], true)
 3 APPPATH\Views\admin.php(87): view('/adminfile/admin')
 4 SYSTEMPATH\View\View.php(226): include('C:\\laragon\\www\\ITC311_LAB3\\app\\Views\\admin.php')
 5 SYSTEMPATH\View\View.php(229): CodeIgniter\View\View->CodeIgniter\View\{closure}()
 6 SYSTEMPATH\Common.php(1188): CodeIgniter\View\View->render('admin', [], true)
 7 APPPATH\Controllers\Admin.php(14): view('admin')
 8 SYSTEMPATH\CodeIgniter.php(919): App\Controllers\Admin->index()
 9 SYSTEMPATH\CodeIgniter.php(494): CodeIgniter\CodeIgniter->runController(Object(App\Controllers\Admin))
10 SYSTEMPATH\CodeIgniter.php(353): CodeIgniter\CodeIgniter->handleRequest(null, Object(Config\Cache), false)
11 FCPATH\index.php(79): CodeIgniter\CodeIgniter->run()
12 SYSTEMPATH\Commands\Server\rewrite.php(47): require_once('C:\\laragon\\www\\ITC311_LAB3\\public\\index.php')
CRITICAL - 2023-10-03 17:20:24 --> Invalid file: "/adminfile/admin.php"
in SYSTEMPATH\Exceptions\FrameworkException.php on line 39.
 1 SYSTEMPATH\View\View.php(214): CodeIgniter\Exceptions\FrameworkException::forInvalidFile('/adminfile/admin.php')
 2 SYSTEMPATH\Common.php(1188): CodeIgniter\View\View->render('/adminfile/admin', [], true)
 3 APPPATH\Views\admin.php(87): view('/adminfile/admin')
 4 SYSTEMPATH\View\View.php(226): include('C:\\laragon\\www\\ITC311_LAB3\\app\\Views\\admin.php')
 5 SYSTEMPATH\View\View.php(229): CodeIgniter\View\View->CodeIgniter\View\{closure}()
 6 SYSTEMPATH\Common.php(1188): CodeIgniter\View\View->render('admin', [], true)
 7 APPPATH\Controllers\Admin.php(14): view('admin')
 8 SYSTEMPATH\CodeIgniter.php(919): App\Controllers\Admin->index()
 9 SYSTEMPATH\CodeIgniter.php(494): CodeIgniter\CodeIgniter->runController(Object(App\Controllers\Admin))
10 SYSTEMPATH\CodeIgniter.php(353): CodeIgniter\CodeIgniter->handleRequest(null, Object(Config\Cache), false)
11 FCPATH\index.php(79): CodeIgniter\CodeIgniter->run()
12 SYSTEMPATH\Commands\Server\rewrite.php(47): require_once('C:\\laragon\\www\\ITC311_LAB3\\public\\index.php')
